-------------------------------------------------------------------------------
Test set: test.SomeTest
-------------------------------------------------------------------------------
Tests run: 6, Failures: 2, Errors: 0, Skipped: 1, Time elapsed: 0.002 sec <<< FAILURE! - in test.SomeTest
test1(test.SomeTest)  Time elapsed: 0.001 sec  <<< FAILURE!
java.lang.AssertionError: oops
	at org.junit.Assert.fail(Assert.java:88)
	at test.Base.run(Base.java:35)
	at test.SomeTest.test1(SomeTest.java:32)

test6(test.SomeTest)  Time elapsed: 0 sec  <<< FAILURE!
java.lang.AssertionError: oops
	at org.junit.Assert.fail(Assert.java:88)
	at test.Base.run(Base.java:35)
	at test.SomeTest.test6(SomeTest.java:52)

